2025-08-30 11:23:59,520 - INFO - Reading from input.txt
2025-08-30 11:23:59,520 - INFO - File read successfully
2025-08-30 11:23:59,520 - INFO - Transformation complete
2025-08-30 11:23:59,521 - INFO - Data written to output.txt
2025-08-30 11:26:11,712 : INFO : Reading from input.txt
2025-08-30 11:26:11,713 : INFO : File read successfully
2025-08-30 11:26:11,713 : INFO : Transformation complete
2025-08-30 11:26:11,713 : INFO : Data written to output.txt
2025-08-30 11:26:39,445 : INFO : Reading from input.txt
2025-08-30 11:26:39,445 : INFO : File read successfully
2025-08-30 11:26:39,445 : INFO : Transformation complete
2025-08-30 11:26:39,447 : INFO : Data written to output.txt
2025-08-30 11:30:34,802 : INFO : Reading from input.txt
2025-08-30 11:30:34,803 : INFO : File read successfully
2025-08-30 11:30:34,804 : INFO : Transformation complete
2025-08-30 11:30:34,804 : INFO : Data written to output.txt
2025-08-30 11:31:15,573 : ERROR : Reading from input.txt
2025-08-30 11:31:15,573 : INFO : File read successfully
2025-08-30 11:31:15,573 : INFO : Transformation complete
2025-08-30 11:31:15,573 : INFO : Data written to output.txt
